# JRE version: Java(TM) SE Runtime Environment (15.0.1+9) (build 15.0.1+9-18)
# Java VM: Java HotSpot(TM) 64-Bit Server VM (15.0.1+9-18, mixed mode, sharing, tiered, compressed oops, serial gc, linux-amd64)
GC Precious Log:
 CPUs: 1 total, 1 available
 Memory: 996M
 Large Page Support: Disabled
 NUMA Support: Disabled
 Compressed Oops: Enabled (32-bit)
 Heap Min Capacity: 8M
 Heap Initial Capacity: 16M
 Heap Max Capacity: 250M
 Pre-touch: Disabled
Heap:
 def new generation   total 45824K, used 18047K [0x00000000f0600000, 0x00000000f37b0000, 0x00000000f5950000)
  eden space 40768K,  34% used [0x00000000f0600000, 0x00000000f13d5f08, 0x00000000f2dd0000)
  from space 5056K,  76% used [0x00000000f32c0000, 0x00000000f3689da8, 0x00000000f37b0000)
  to   space 5056K,   0% used [0x00000000f2dd0000, 0x00000000f2dd0000, 0x00000000f32c0000)
 tenured generation   total 101688K, used 73180K [0x00000000f5950000, 0x00000000fbc9e000, 0x0000000100000000)
   the space 101688K,  71% used [0x00000000f5950000, 0x00000000fa0c7360, 0x00000000fa0c7400, 0x00000000fbc9e000)
 Metaspace       used 39680K, capacity 40360K, committed 40576K, reserved 1085440K
  class space    used 4442K, capacity 4710K, committed 4736K, reserved 1048576K
GC Heap History (20 events):
Event: 13.499 GC heap before
{Heap before GC invocations=51 (full 4):
 def new generation   total 33088K, used 33088K [0x00000000f0600000, 0x00000000f29e0000, 0x00000000f5950000)
  eden space 29440K, 100% used [0x00000000f0600000, 0x00000000f22c0000, 0x00000000f22c0000)
  from space 3648K, 100% used [0x00000000f22c0000, 0x00000000f2650000, 0x00000000f2650000)
  to   space 3648K,   0% used [0x00000000f2650000, 0x00000000f2650000, 0x00000000f29e0000)
 tenured generation   total 73460K, used 61601K [0x00000000f5950000, 0x00000000fa10d000, 0x0000000100000000)
   the space 73460K,  83% used [0x00000000f5950000, 0x00000000f95784b8, 0x00000000f9578600, 0x00000000fa10d000)
 Metaspace       used 28749K, capacity 29250K, committed 29696K, reserved 1075200K
  class space    used 3046K, capacity 3256K, committed 3328K, reserved 1048576K
}
Event: 13.523 GC heap after
{Heap after GC invocations=52 (full 4):
 def new generation   total 33088K, used 3543K [0x00000000f0600000, 0x00000000f29e0000, 0x00000000f5950000)
  eden space 29440K,   0% used [0x00000000f0600000, 0x00000000f0600000, 0x00000000f22c0000)
  from space 3648K,  97% used [0x00000000f2650000, 0x00000000f29c5d58, 0x00000000f29e0000)
  to   space 3648K,   0% used [0x00000000f22c0000, 0x00000000f22c0000, 0x00000000f2650000)
 tenured generation   total 73460K, used 65241K [0x00000000f5950000, 0x00000000fa10d000, 0x0000000100000000)
   the space 73460K,  88% used [0x00000000f5950000, 0x00000000f9906440, 0x00000000f9906600, 0x00000000fa10d000)
 Metaspace       used 28749K, capacity 29250K, committed 29696K, reserved 1075200K
  class space    used 3046K, capacity 3256K, committed 3328K, reserved 1048576K
}
Event: 13.761 GC heap before
{Heap before GC invocations=52 (full 4):
 def new generation   total 33088K, used 32983K [0x00000000f0600000, 0x00000000f29e0000, 0x00000000f5950000)
  eden space 29440K, 100% used [0x00000000f0600000, 0x00000000f22c0000, 0x00000000f22c0000)
  from space 3648K,  97% used [0x00000000f2650000, 0x00000000f29c5d58, 0x00000000f29e0000)
  to   space 3648K,   0% used [0x00000000f22c0000, 0x00000000f22c0000, 0x00000000f2650000)
 tenured generation   total 73460K, used 65241K [0x00000000f5950000, 0x00000000fa10d000, 0x0000000100000000)
   the space 73460K,  88% used [0x00000000f5950000, 0x00000000f9906440, 0x00000000f9906600, 0x00000000fa10d000)
 Metaspace       used 28770K, capacity 29250K, committed 29696K, reserved 1075200K
  class space    used 3046K, capacity 3256K, committed 3328K, reserved 1048576K
}
Event: 13.776 GC heap after
{Heap after GC invocations=53 (full 4):
 def new generation   total 33088K, used 2496K [0x00000000f0600000, 0x00000000f29e0000, 0x00000000f5950000)
  eden space 29440K,   0% used [0x00000000f0600000, 0x00000000f0600000, 0x00000000f22c0000)
  from space 3648K,  68% used [0x00000000f22c0000, 0x00000000f25300a8, 0x00000000f2650000)
  to   space 3648K,   0% used [0x00000000f2650000, 0x00000000f2650000, 0x00000000f29e0000)
 tenured generation   total 73460K, used 65462K [0x00000000f5950000, 0x00000000fa10d000, 0x0000000100000000)
   the space 73460K,  89% used [0x00000000f5950000, 0x00000000f993da28, 0x00000000f993dc00, 0x00000000fa10d000)
 Metaspace       used 28770K, capacity 29250K, committed 29696K, reserved 1075200K
  class space    used 3046K, capacity 3256K, committed 3328K, reserved 1048576K
}
Event: 14.045 GC heap before
{Heap before GC invocations=53 (full 4):
 def new generation   total 33088K, used 31936K [0x00000000f0600000, 0x00000000f29e0000, 0x00000000f5950000)
  eden space 29440K, 100% used [0x00000000f0600000, 0x00000000f22c0000, 0x00000000f22c0000)
  from space 3648K,  68% used [0x00000000f22c0000, 0x00000000f25300a8, 0x00000000f2650000)
  to   space 3648K,   0% used [0x00000000f2650000, 0x00000000f2650000, 0x00000000f29e0000)
 tenured generation   total 73460K, used 65462K [0x00000000f5950000, 0x00000000fa10d000, 0x0000000100000000)
   the space 73460K,  89% used [0x00000000f5950000, 0x00000000f993da28, 0x00000000f993dc00, 0x00000000fa10d000)
 Metaspace       used 28772K, capacity 29251K, committed 29696K, reserved 1075200K
  class space    used 3046K, capacity 3256K, committed 3328K, reserved 1048576K
}
Event: 14.046 GC heap after
{Heap after GC invocations=54 (full 4):
 def new generation   total 33088K, used 314K [0x00000000f0600000, 0x00000000f29e0000, 0x00000000f5950000)
  eden space 29440K,   0% used [0x00000000f0600000, 0x00000000f0600000, 0x00000000f22c0000)
  from space 3648K,   8% used [0x00000000f2650000, 0x00000000f269e808, 0x00000000f29e0000)
  to   space 3648K,   0% used [0x00000000f22c0000, 0x00000000f22c0000, 0x00000000f2650000)
 tenured generation   total 73460K, used 65532K [0x00000000f5950000, 0x00000000fa10d000, 0x0000000100000000)
   the space 73460K,  89% used [0x00000000f5950000, 0x00000000f994f3f8, 0x00000000f994f400, 0x00000000fa10d000)
 Metaspace       used 28772K, capacity 29251K, committed 29696K, reserved 1075200K
  class space    used 3046K, capacity 3256K, committed 3328K, reserved 1048576K
}
Event: 14.396 GC heap before
{Heap before GC invocations=54 (full 4):
 def new generation   total 33088K, used 29754K [0x00000000f0600000, 0x00000000f29e0000, 0x00000000f5950000)
  eden space 29440K, 100% used [0x00000000f0600000, 0x00000000f22c0000, 0x00000000f22c0000)
  from space 3648K,   8% used [0x00000000f2650000, 0x00000000f269e808, 0x00000000f29e0000)
  to   space 3648K,   0% used [0x00000000f22c0000, 0x00000000f22c0000, 0x00000000f2650000)
 tenured generation   total 73460K, used 65532K [0x00000000f5950000, 0x00000000fa10d000, 0x0000000100000000)
   the space 73460K,  89% used [0x00000000f5950000, 0x00000000f994f3f8, 0x00000000f994f400, 0x00000000fa10d000)
 Metaspace       used 28956K, capacity 29496K, committed 29952K, reserved 1075200K
  class space    used 3054K, capacity 3291K, committed 3328K, reserved 1048576K
}
Event: 14.423 GC heap after
{Heap after GC invocations=55 (full 4):
 def new generation   total 33088K, used 3648K [0x00000000f0600000, 0x00000000f29e0000, 0x00000000f5950000)
  eden space 29440K,   0% used [0x00000000f0600000, 0x00000000f0600000, 0x00000000f22c0000)
  from space 3648K, 100% used [0x00000000f22c0000, 0x00000000f2650000, 0x00000000f2650000)
  to   space 3648K,   0% used [0x00000000f2650000, 0x00000000f2650000, 0x00000000f29e0000)
 tenured generation   total 73460K, used 67892K [0x00000000f5950000, 0x00000000fa10d000, 0x0000000100000000)
   the space 73460K,  92% used [0x00000000f5950000, 0x00000000f9b9d2c0, 0x00000000f9b9d400, 0x00000000fa10d000)
 Metaspace       used 28956K, capacity 29496K, committed 29952K, reserved 1075200K
  class space    used 3054K, capacity 3291K, committed 3328K, reserved 1048576K
}
Event: 14.629 GC heap before
{Heap before GC invocations=55 (full 4):
 def new generation   total 33088K, used 16065K [0x00000000f0600000, 0x00000000f29e0000, 0x00000000f5950000)
  eden space 29440K,  42% used [0x00000000f0600000, 0x00000000f12206d8, 0x00000000f22c0000)
  from space 3648K, 100% used [0x00000000f22c0000, 0x00000000f2650000, 0x00000000f2650000)
  to   space 3648K,   0% used [0x00000000f2650000, 0x00000000f2650000, 0x00000000f29e0000)
 tenured generation   total 73460K, used 67892K [0x00000000f5950000, 0x00000000fa10d000, 0x0000000100000000)
   the space 73460K,  92% used [0x00000000f5950000, 0x00000000f9b9d2c0, 0x00000000f9b9d400, 0x00000000fa10d000)
 Metaspace       used 29823K, capacity 30276K, committed 30720K, reserved 1077248K
  class space    used 3142K, capacity 3359K, committed 3456K, reserved 1048576K
}
Event: 14.758 GC heap after
{Heap after GC invocations=56 (full 5):
 def new generation   total 45824K, used 0K [0x00000000f0600000, 0x00000000f37b0000, 0x00000000f5950000)
  eden space 40768K,   0% used [0x00000000f0600000, 0x00000000f0600000, 0x00000000f2dd0000)
  from space 5056K,   0% used [0x00000000f2dd0000, 0x00000000f2dd0000, 0x00000000f32c0000)
  to   space 5056K,   0% used [0x00000000f32c0000, 0x00000000f32c0000, 0x00000000f37b0000)
 tenured generation   total 101688K, used 61012K [0x00000000f5950000, 0x00000000fbc9e000, 0x0000000100000000)
   the space 101688K,  59% used [0x00000000f5950000, 0x00000000f94e5250, 0x00000000f94e5400, 0x00000000fbc9e000)
 Metaspace       used 29734K, capacity 30156K, committed 30720K, reserved 1077248K
  class space    used 3132K, capacity 3319K, committed 3456K, reserved 1048576K
}
Event: 15.433 GC heap before
{Heap before GC invocations=56 (full 5):
 def new generation   total 45824K, used 40768K [0x00000000f0600000, 0x00000000f37b0000, 0x00000000f5950000)
  eden space 40768K, 100% used [0x00000000f0600000, 0x00000000f2dd0000, 0x00000000f2dd0000)
  from space 5056K,   0% used [0x00000000f2dd0000, 0x00000000f2dd0000, 0x00000000f32c0000)
  to   space 5056K,   0% used [0x00000000f32c0000, 0x00000000f32c0000, 0x00000000f37b0000)
 tenured generation   total 101688K, used 61012K [0x00000000f5950000, 0x00000000fbc9e000, 0x0000000100000000)
   the space 101688K,  59% used [0x00000000f5950000, 0x00000000f94e5250, 0x00000000f94e5400, 0x00000000fbc9e000)
 Metaspace       used 30969K, capacity 31607K, committed 32128K, reserved 1077248K
  class space    used 3287K, capacity 3503K, committed 3584K, reserved 1048576K
}
Event: 15.450 GC heap after
{Heap after GC invocations=57 (full 5):
 def new generation   total 45824K, used 5056K [0x00000000f0600000, 0x00000000f37b0000, 0x00000000f5950000)
  eden space 40768K,   0% used [0x00000000f0600000, 0x00000000f0600000, 0x00000000f2dd0000)
  from space 5056K, 100% used [0x00000000f32c0000, 0x00000000f37b0000, 0x00000000f37b0000)
  to   space 5056K,   0% used [0x00000000f2dd0000, 0x00000000f2dd0000, 0x00000000f32c0000)
 tenured generation   total 101688K, used 62089K [0x00000000f5950000, 0x00000000fbc9e000, 0x0000000100000000)
   the space 101688K,  61% used [0x00000000f5950000, 0x00000000f95f2440, 0x00000000f95f2600, 0x00000000fbc9e000)
 Metaspace       used 30969K, capacity 31607K, committed 32128K, reserved 1077248K
  class space    used 3287K, capacity 3503K, committed 3584K, reserved 1048576K
}
Event: 15.741 GC heap before
{Heap before GC invocations=57 (full 5):
 def new generation   total 45824K, used 45824K [0x00000000f0600000, 0x00000000f37b0000, 0x00000000f5950000)
  eden space 40768K, 100% used [0x00000000f0600000, 0x00000000f2dd0000, 0x00000000f2dd0000)
  from space 5056K, 100% used [0x00000000f32c0000, 0x00000000f37b0000, 0x00000000f37b0000)
  to   space 5056K,   0% used [0x00000000f2dd0000, 0x00000000f2dd0000, 0x00000000f32c0000)
 tenured generation   total 101688K, used 62089K [0x00000000f5950000, 0x00000000fbc9e000, 0x0000000100000000)
   the space 101688K,  61% used [0x00000000f5950000, 0x00000000f95f2440, 0x00000000f95f2600, 0x00000000fbc9e000)
 Metaspace       used 30972K, capacity 31607K, committed 32128K, reserved 1077248K
  class space    used 3287K, capacity 3503K, committed 3584K, reserved 1048576K
}
Event: 15.758 GC heap after
{Heap after GC invocations=58 (full 5):
 def new generation   total 45824K, used 2758K [0x00000000f0600000, 0x00000000f37b0000, 0x00000000f5950000)
  eden space 40768K,   0% used [0x00000000f0600000, 0x00000000f0600000, 0x00000000f2dd0000)
  from space 5056K,  54% used [0x00000000f2dd0000, 0x00000000f3081a70, 0x00000000f32c0000)
  to   space 5056K,   0% used [0x00000000f32c0000, 0x00000000f32c0000, 0x00000000f37b0000)
 tenured generation   total 101688K, used 64030K [0x00000000f5950000, 0x00000000fbc9e000, 0x0000000100000000)
   the space 101688K,  62% used [0x00000000f5950000, 0x00000000f97d7ad8, 0x00000000f97d7c00, 0x00000000fbc9e000)
 Metaspace       used 30972K, capacity 31607K, committed 32128K, reserved 1077248K
  class space    used 3287K, capacity 3503K, committed 3584K, reserved 1048576K
}
Event: 16.278 GC heap before
{Heap before GC invocations=58 (full 5):
 def new generation   total 45824K, used 43526K [0x00000000f0600000, 0x00000000f37b0000, 0x00000000f5950000)
  eden space 40768K, 100% used [0x00000000f0600000, 0x00000000f2dd0000, 0x00000000f2dd0000)
  from space 5056K,  54% used [0x00000000f2dd0000, 0x00000000f3081a70, 0x00000000f32c0000)
  to   space 5056K,   0% used [0x00000000f32c0000, 0x00000000f32c0000, 0x00000000f37b0000)
 tenured generation   total 101688K, used 64030K [0x00000000f5950000, 0x00000000fbc9e000, 0x0000000100000000)
   the space 101688K,  62% used [0x00000000f5950000, 0x00000000f97d7ad8, 0x00000000f97d7c00, 0x00000000fbc9e000)
 Metaspace       used 30974K, capacity 31607K, committed 32128K, reserved 1077248K
  class space    used 3287K, capacity 3503K, committed 3584K, reserved 1048576K
}
Event: 16.301 GC heap after
{Heap after GC invocations=59 (full 5):
 def new generation   total 45824K, used 4906K [0x00000000f0600000, 0x00000000f37b0000, 0x00000000f5950000)
  eden space 40768K,   0% used [0x00000000f0600000, 0x00000000f0600000, 0x00000000f2dd0000)
  from space 5056K,  97% used [0x00000000f32c0000, 0x00000000f378aac0, 0x00000000f37b0000)
  to   space 5056K,   0% used [0x00000000f2dd0000, 0x00000000f2dd0000, 0x00000000f32c0000)
 tenured generation   total 101688K, used 64064K [0x00000000f5950000, 0x00000000fbc9e000, 0x0000000100000000)
   the space 101688K,  63% used [0x00000000f5950000, 0x00000000f97e0178, 0x00000000f97e0200, 0x00000000fbc9e000)
 Metaspace       used 30974K, capacity 31607K, committed 32128K, reserved 1077248K
  class space    used 3287K, capacity 3503K, committed 3584K, reserved 1048576K
}
Event: 17.939 GC heap before
{Heap before GC invocations=59 (full 5):
 def new generation   total 45824K, used 45674K [0x00000000f0600000, 0x00000000f37b0000, 0x00000000f5950000)
  eden space 40768K, 100% used [0x00000000f0600000, 0x00000000f2dd0000, 0x00000000f2dd0000)
  from space 5056K,  97% used [0x00000000f32c0000, 0x00000000f378aac0, 0x00000000f37b0000)
  to   space 5056K,   0% used [0x00000000f2dd0000, 0x00000000f2dd0000, 0x00000000f32c0000)
 tenured generation   total 101688K, used 64064K [0x00000000f5950000, 0x00000000fbc9e000, 0x0000000100000000)
   the space 101688K,  63% used [0x00000000f5950000, 0x00000000f97e0178, 0x00000000f97e0200, 0x00000000fbc9e000)
 Metaspace       used 35127K, capacity 35815K, committed 36224K, reserved 1081344K
  class space    used 3861K, capacity 4113K, committed 4224K, reserved 1048576K
}
Event: 17.980 GC heap after
{Heap after GC invocations=60 (full 5):
 def new generation   total 45824K, used 5056K [0x00000000f0600000, 0x00000000f37b0000, 0x00000000f5950000)
  eden space 40768K,   0% used [0x00000000f0600000, 0x00000000f0600000, 0x00000000f2dd0000)
  from space 5056K, 100% used [0x00000000f2dd0000, 0x00000000f32c0000, 0x00000000f32c0000)
  to   space 5056K,   0% used [0x00000000f32c0000, 0x00000000f32c0000, 0x00000000f37b0000)
 tenured generation   total 101688K, used 68248K [0x00000000f5950000, 0x00000000fbc9e000, 0x0000000100000000)
   the space 101688K,  67% used [0x00000000f5950000, 0x00000000f9bf6210, 0x00000000f9bf6400, 0x00000000fbc9e000)
 Metaspace       used 35127K, capacity 35815K, committed 36224K, reserved 1081344K
  class space    used 3861K, capacity 4113K, committed 4224K, reserved 1048576K
}
Event: 22.349 GC heap before
{Heap before GC invocations=60 (full 5):
 def new generation   total 45824K, used 45824K [0x00000000f0600000, 0x00000000f37b0000, 0x00000000f5950000)
  eden space 40768K, 100% used [0x00000000f0600000, 0x00000000f2dd0000, 0x00000000f2dd0000)
  from space 5056K, 100% used [0x00000000f2dd0000, 0x00000000f32c0000, 0x00000000f32c0000)
  to   space 5056K,   0% used [0x00000000f32c0000, 0x00000000f32c0000, 0x00000000f37b0000)
 tenured generation   total 101688K, used 68248K [0x00000000f5950000, 0x00000000fbc9e000, 0x0000000100000000)
   the space 101688K,  67% used [0x00000000f5950000, 0x00000000f9bf6210, 0x00000000f9bf6400, 0x00000000fbc9e000)
 Metaspace       used 39273K, capacity 40008K, committed 40320K, reserved 1085440K
  class space    used 4385K, capacity 4678K, committed 4736K, reserved 1048576K
}
Event: 22.462 GC heap after
{Heap after GC invocations=61 (full 5):
 def new generation   total 45824K, used 3879K [0x00000000f0600000, 0x00000000f37b0000, 0x00000000f5950000)
  eden space 40768K,   0% used [0x00000000f0600000, 0x00000000f0600000, 0x00000000f2dd0000)
  from space 5056K,  76% used [0x00000000f32c0000, 0x00000000f3689da8, 0x00000000f37b0000)
  to   space 5056K,   0% used [0x00000000f2dd0000, 0x00000000f2dd0000, 0x00000000f32c0000)
 tenured generation   total 101688K, used 73180K [0x00000000f5950000, 0x00000000fbc9e000, 0x0000000100000000)
   the space 101688K,  71% used [0x00000000f5950000, 0x00000000fa0c7360, 0x00000000fa0c7400, 0x00000000fbc9e000)
 Metaspace       used 39273K, capacity 40008K, committed 40320K, reserved 1085440K
  class space    used 4385K, capacity 4678K, committed 4736K, reserved 1048576K
}

